# JRE version: OpenJDK Runtime Environment (11.0.13) (build 11.0.13+0-b1751.21-8125866)
# Java VM: OpenJDK 64-Bit Server VM (11.0.13+0-b1751.21-8125866, mixed mode, tiered, compressed oops, g1 gc, windows-amd64)
Heap:
 garbage-first heap   total 564224K, used 207580K [0x0000000080000000, 0x0000000100000000)
  region size 1024K, 6 young (6144K), 2 survivors (2048K)
 Metaspace       used 164011K, capacity 168552K, committed 168912K, reserved 1196032K
  class space    used 20596K, capacity 22209K, committed 22400K, reserved 1048576K
GC Heap History (20 events):
Event: 524.877 GC heap before
{Heap before GC invocations=96 (full 0):
 garbage-first heap   total 564224K, used 177735K [0x0000000080000000, 0x0000000100000000)
  region size 1024K, 74 young (75776K), 17 survivors (17408K)
 Metaspace       used 127742K, capacity 131151K, committed 131408K, reserved 1163264K
  class space    used 15784K, capacity 17101K, committed 17152K, reserved 1048576K
}
Event: 524.932 GC heap after
{Heap after GC invocations=97 (full 0):
 garbage-first heap   total 564224K, used 122951K [0x0000000080000000, 0x0000000100000000)
  region size 1024K, 20 young (20480K), 20 survivors (20480K)
 Metaspace       used 127742K, capacity 131151K, committed 131408K, reserved 1163264K
  class space    used 15784K, capacity 17101K, committed 17152K, reserved 1048576K
}
Event: 525.810 GC heap before
{Heap before GC invocations=98 (full 0):
 garbage-first heap   total 564224K, used 143431K [0x0000000080000000, 0x0000000100000000)
  region size 1024K, 41 young (41984K), 20 survivors (20480K)
 Metaspace       used 127802K, capacity 131252K, committed 131408K, reserved 1163264K
  class space    used 15792K, capacity 17113K, committed 17152K, reserved 1048576K
}
Event: 525.872 GC heap after
{Heap after GC invocations=99 (full 0):
 garbage-first heap   total 564224K, used 123975K [0x0000000080000000, 0x0000000100000000)
  region size 1024K, 21 young (21504K), 21 survivors (21504K)
 Metaspace       used 127802K, capacity 131252K, committed 131408K, reserved 1163264K
  class space    used 15792K, capacity 17113K, committed 17152K, reserved 1048576K
}
Event: 527.388 GC heap before
{Heap before GC invocations=100 (full 0):
 garbage-first heap   total 564224K, used 149575K [0x0000000080000000, 0x0000000100000000)
  region size 1024K, 47 young (48128K), 21 survivors (21504K)
 Metaspace       used 128914K, capacity 132413K, committed 132688K, reserved 1165312K
  class space    used 15948K, capacity 17282K, committed 17408K, reserved 1048576K
}
Event: 527.453 GC heap after
{Heap after GC invocations=101 (full 0):
 garbage-first heap   total 564224K, used 119009K [0x0000000080000000, 0x0000000100000000)
  region size 1024K, 8 young (8192K), 8 survivors (8192K)
 Metaspace       used 128914K, capacity 132413K, committed 132688K, reserved 1165312K
  class space    used 15948K, capacity 17282K, committed 17408K, reserved 1048576K
}
Event: 528.653 GC heap before
{Heap before GC invocations=102 (full 0):
 garbage-first heap   total 564224K, used 140513K [0x0000000080000000, 0x0000000100000000)
  region size 1024K, 12 young (12288K), 8 survivors (8192K)
 Metaspace       used 129099K, capacity 132647K, committed 132944K, reserved 1165312K
  class space    used 15967K, capacity 17315K, committed 17408K, reserved 1048576K
}
Event: 528.691 GC heap after
{Heap after GC invocations=103 (full 0):
 garbage-first heap   total 564224K, used 118976K [0x0000000080000000, 0x0000000100000000)
  region size 1024K, 8 young (8192K), 8 survivors (8192K)
 Metaspace       used 129099K, capacity 132647K, committed 132944K, reserved 1165312K
  class space    used 15967K, capacity 17315K, committed 17408K, reserved 1048576K
}
Event: 1840.741 GC heap before
{Heap before GC invocations=104 (full 0):
 garbage-first heap   total 564224K, used 240832K [0x0000000080000000, 0x0000000100000000)
  region size 1024K, 120 young (122880K), 8 survivors (8192K)
 Metaspace       used 130127K, capacity 133882K, committed 134096K, reserved 1165312K
  class space    used 16062K, capacity 17443K, committed 17536K, reserved 1048576K
}
Event: 1840.765 GC heap after
{Heap after GC invocations=105 (full 0):
 garbage-first heap   total 564224K, used 118497K [0x0000000080000000, 0x0000000100000000)
  region size 1024K, 7 young (7168K), 7 survivors (7168K)
 Metaspace       used 130127K, capacity 133882K, committed 134096K, reserved 1165312K
  class space    used 16062K, capacity 17443K, committed 17536K, reserved 1048576K
}
Event: 1866.853 GC heap before
{Heap before GC invocations=106 (full 0):
 garbage-first heap   total 564224K, used 406241K [0x0000000080000000, 0x0000000100000000)
  region size 1024K, 245 young (250880K), 7 survivors (7168K)
 Metaspace       used 147999K, capacity 152383K, committed 152528K, reserved 1181696K
  class space    used 18416K, capacity 20000K, committed 20096K, reserved 1048576K
}
Event: 1866.912 GC heap after
{Heap after GC invocations=107 (full 0):
 garbage-first heap   total 564224K, used 175477K [0x0000000080000000, 0x0000000100000000)
  region size 1024K, 28 young (28672K), 28 survivors (28672K)
 Metaspace       used 147999K, capacity 152383K, committed 152528K, reserved 1181696K
  class space    used 18416K, capacity 20000K, committed 20096K, reserved 1048576K
}
Event: 1867.033 GC heap before
{Heap before GC invocations=107 (full 0):
 garbage-first heap   total 564224K, used 176501K [0x0000000080000000, 0x0000000100000000)
  region size 1024K, 29 young (29696K), 28 survivors (28672K)
 Metaspace       used 148012K, capacity 152383K, committed 152528K, reserved 1181696K
  class space    used 18419K, capacity 20000K, committed 20096K, reserved 1048576K
}
Event: 1867.165 GC heap after
{Heap after GC invocations=108 (full 0):
 garbage-first heap   total 564224K, used 172006K [0x0000000080000000, 0x0000000100000000)
  region size 1024K, 2 young (2048K), 2 survivors (2048K)
 Metaspace       used 148012K, capacity 152383K, committed 152528K, reserved 1181696K
  class space    used 18419K, capacity 20000K, committed 20096K, reserved 1048576K
}
Event: 1876.263 GC heap before
{Heap before GC invocations=108 (full 0):
 garbage-first heap   total 564224K, used 414694K [0x0000000080000000, 0x0000000100000000)
  region size 1024K, 221 young (226304K), 2 survivors (2048K)
 Metaspace       used 161152K, capacity 165778K, committed 165968K, reserved 1193984K
  class space    used 20285K, capacity 21901K, committed 22016K, reserved 1048576K
}
Event: 1876.296 GC heap after
{Heap after GC invocations=109 (full 0):
 garbage-first heap   total 564224K, used 203162K [0x0000000080000000, 0x0000000100000000)
  region size 1024K, 15 young (15360K), 15 survivors (15360K)
 Metaspace       used 161152K, capacity 165778K, committed 165968K, reserved 1193984K
  class space    used 20285K, capacity 21901K, committed 22016K, reserved 1048576K
}
Event: 1877.479 GC heap before
{Heap before GC invocations=109 (full 0):
 garbage-first heap   total 564224K, used 233882K [0x0000000080000000, 0x0000000100000000)
  region size 1024K, 46 young (47104K), 15 survivors (15360K)
 Metaspace       used 163782K, capacity 168399K, committed 168528K, reserved 1196032K
  class space    used 20617K, capacity 22248K, committed 22272K, reserved 1048576K
}
Event: 1877.521 GC heap after
{Heap after GC invocations=110 (full 0):
 garbage-first heap   total 564224K, used 205239K [0x0000000080000000, 0x0000000100000000)
  region size 1024K, 17 young (17408K), 17 survivors (17408K)
 Metaspace       used 163782K, capacity 168399K, committed 168528K, reserved 1196032K
  class space    used 20617K, capacity 22248K, committed 22272K, reserved 1048576K
}
Event: 1881.307 GC heap before
{Heap before GC invocations=111 (full 0):
 garbage-first heap   total 564224K, used 428471K [0x0000000080000000, 0x0000000100000000)
  region size 1024K, 233 young (238592K), 17 survivors (17408K)
 Metaspace       used 164011K, capacity 168552K, committed 168912K, reserved 1196032K
  class space    used 20596K, capacity 22209K, committed 22400K, reserved 1048576K
}
Event: 1881.386 GC heap after
{Heap after GC invocations=112 (full 0):
 garbage-first heap   total 564224K, used 211245K [0x0000000080000000, 0x0000000100000000)
  region size 1024K, 6 young (6144K), 6 survivors (6144K)
 Metaspace       used 164011K, capacity 168552K, committed 168912K, reserved 1196032K
  class space    used 20596K, capacity 22209K, committed 22400K, reserved 1048576K
}

