# JRE version: OpenJDK Runtime Environment (11.0.13) (build 11.0.13+0-b1751.21-8125866)
# Java VM: OpenJDK 64-Bit Server VM (11.0.13+0-b1751.21-8125866, mixed mode, tiered, compressed oops, g1 gc, windows-amd64)
Heap:
 garbage-first heap   total 157696K, used 50902K [0x0000000080000000, 0x0000000100000000)
  region size 1024K, 3 young (3072K), 3 survivors (3072K)
 Metaspace       used 43644K, capacity 44763K, committed 44848K, reserved 1087488K
  class space    used 5555K, capacity 5974K, committed 6016K, reserved 1048576K
GC Heap History (19 events):
Event: 2.154 GC heap before
{Heap before GC invocations=0 (full 0):
 garbage-first heap   total 131072K, used 17408K [0x0000000080000000, 0x0000000100000000)
  region size 1024K, 14 young (14336K), 0 survivors (0K)
 Metaspace       used 6762K, capacity 7001K, committed 7168K, reserved 1056768K
  class space    used 572K, capacity 650K, committed 768K, reserved 1048576K
}
Event: 2.165 GC heap after
{Heap after GC invocations=1 (full 0):
 garbage-first heap   total 131072K, used 4251K [0x0000000080000000, 0x0000000100000000)
  region size 1024K, 2 young (2048K), 2 survivors (2048K)
 Metaspace       used 6762K, capacity 7001K, committed 7168K, reserved 1056768K
  class space    used 572K, capacity 650K, committed 768K, reserved 1048576K
}
Event: 2.563 GC heap before
{Heap before GC invocations=1 (full 0):
 garbage-first heap   total 131072K, used 19611K [0x0000000080000000, 0x0000000100000000)
  region size 1024K, 14 young (14336K), 2 survivors (2048K)
 Metaspace       used 9879K, capacity 10130K, committed 10368K, reserved 1058816K
  class space    used 1011K, capacity 1102K, committed 1152K, reserved 1048576K
}
Event: 2.570 GC heap after
{Heap after GC invocations=2 (full 0):
 garbage-first heap   total 131072K, used 9433K [0x0000000080000000, 0x0000000100000000)
  region size 1024K, 2 young (2048K), 2 survivors (2048K)
 Metaspace       used 9879K, capacity 10130K, committed 10368K, reserved 1058816K
  class space    used 1011K, capacity 1102K, committed 1152K, reserved 1048576K
}
Event: 3.204 GC heap before
{Heap before GC invocations=2 (full 0):
 garbage-first heap   total 131072K, used 39129K [0x0000000080000000, 0x0000000100000000)
  region size 1024K, 30 young (30720K), 2 survivors (2048K)
 Metaspace       used 10853K, capacity 11085K, committed 11264K, reserved 1058816K
  class space    used 1112K, capacity 1207K, committed 1280K, reserved 1048576K
}
Event: 3.210 GC heap after
{Heap after GC invocations=3 (full 0):
 garbage-first heap   total 131072K, used 12358K [0x0000000080000000, 0x0000000100000000)
  region size 1024K, 4 young (4096K), 4 survivors (4096K)
 Metaspace       used 10853K, capacity 11085K, committed 11264K, reserved 1058816K
  class space    used 1112K, capacity 1207K, committed 1280K, reserved 1048576K
}
Event: 5.320 GC heap before
{Heap before GC invocations=3 (full 0):
 garbage-first heap   total 131072K, used 53318K [0x0000000080000000, 0x0000000100000000)
  region size 1024K, 45 young (46080K), 4 survivors (4096K)
 Metaspace       used 17778K, capacity 18160K, committed 18432K, reserved 1064960K
  class space    used 2057K, capacity 2194K, committed 2304K, reserved 1048576K
}
Event: 5.329 GC heap after
{Heap after GC invocations=4 (full 0):
 garbage-first heap   total 131072K, used 16413K [0x0000000080000000, 0x0000000100000000)
  region size 1024K, 6 young (6144K), 6 survivors (6144K)
 Metaspace       used 17778K, capacity 18160K, committed 18432K, reserved 1064960K
  class space    used 2057K, capacity 2194K, committed 2304K, reserved 1048576K
}
Event: 5.698 GC heap before
{Heap before GC invocations=4 (full 0):
 garbage-first heap   total 131072K, used 44061K [0x0000000080000000, 0x0000000100000000)
  region size 1024K, 34 young (34816K), 6 survivors (6144K)
 Metaspace       used 20679K, capacity 21100K, committed 21296K, reserved 1069056K
  class space    used 2510K, capacity 2663K, committed 2688K, reserved 1048576K
}
Event: 5.707 GC heap after
{Heap after GC invocations=5 (full 0):
 garbage-first heap   total 131072K, used 17555K [0x0000000080000000, 0x0000000100000000)
  region size 1024K, 6 young (6144K), 6 survivors (6144K)
 Metaspace       used 20679K, capacity 21100K, committed 21296K, reserved 1069056K
  class space    used 2510K, capacity 2663K, committed 2688K, reserved 1048576K
}
Event: 6.703 GC heap before
{Heap before GC invocations=6 (full 0):
 garbage-first heap   total 131072K, used 66707K [0x0000000080000000, 0x0000000100000000)
  region size 1024K, 54 young (55296K), 6 survivors (6144K)
 Metaspace       used 25803K, capacity 26407K, committed 26544K, reserved 1073152K
  class space    used 3324K, capacity 3565K, committed 3584K, reserved 1048576K
}
Event: 6.714 GC heap after
{Heap after GC invocations=7 (full 0):
 garbage-first heap   total 131072K, used 19303K [0x0000000080000000, 0x0000000100000000)
  region size 1024K, 3 young (3072K), 3 survivors (3072K)
 Metaspace       used 25803K, capacity 26407K, committed 26544K, reserved 1073152K
  class space    used 3324K, capacity 3565K, committed 3584K, reserved 1048576K
}
Event: 7.825 GC heap before
{Heap before GC invocations=7 (full 0):
 garbage-first heap   total 131072K, used 109415K [0x0000000080000000, 0x0000000100000000)
  region size 1024K, 74 young (75776K), 3 survivors (3072K)
 Metaspace       used 32043K, capacity 32886K, committed 32944K, reserved 1077248K
  class space    used 4283K, capacity 4576K, committed 4608K, reserved 1048576K
}
Event: 7.842 GC heap after
{Heap after GC invocations=8 (full 0):
 garbage-first heap   total 131072K, used 43879K [0x0000000080000000, 0x0000000100000000)
  region size 1024K, 9 young (9216K), 9 survivors (9216K)
 Metaspace       used 32043K, capacity 32886K, committed 32944K, reserved 1077248K
  class space    used 4283K, capacity 4576K, committed 4608K, reserved 1048576K
}
Event: 8.280 GC heap before
{Heap before GC invocations=8 (full 0):
 garbage-first heap   total 131072K, used 57191K [0x0000000080000000, 0x0000000100000000)
  region size 1024K, 23 young (23552K), 9 survivors (9216K)
 Metaspace       used 34623K, capacity 35527K, committed 35632K, reserved 1079296K
  class space    used 4581K, capacity 4923K, committed 4992K, reserved 1048576K
}
Event: 8.299 GC heap after
{Heap after GC invocations=9 (full 0):
 garbage-first heap   total 131072K, used 45646K [0x0000000080000000, 0x0000000100000000)
  region size 1024K, 2 young (2048K), 2 survivors (2048K)
 Metaspace       used 34623K, capacity 35527K, committed 35632K, reserved 1079296K
  class space    used 4581K, capacity 4923K, committed 4992K, reserved 1048576K
}
Event: 9.308 GC heap before
{Heap before GC invocations=10 (full 0):
 garbage-first heap   total 131072K, used 84558K [0x0000000080000000, 0x0000000100000000)
  region size 1024K, 41 young (41984K), 2 survivors (2048K)
 Metaspace       used 39500K, capacity 40565K, committed 40752K, reserved 1085440K
  class space    used 5067K, capacity 5469K, committed 5504K, reserved 1048576K
}
Event: 9.321 GC heap after
{Heap after GC invocations=11 (full 0):
 garbage-first heap   total 131072K, used 49468K [0x0000000080000000, 0x0000000100000000)
  region size 1024K, 6 young (6144K), 6 survivors (6144K)
 Metaspace       used 39500K, capacity 40565K, committed 40752K, reserved 1085440K
  class space    used 5067K, capacity 5469K, committed 5504K, reserved 1048576K
}
Event: 10.583 GC heap before
{Heap before GC invocations=11 (full 0):
 garbage-first heap   total 131072K, used 92476K [0x0000000080000000, 0x0000000100000000)
  region size 1024K, 46 young (47104K), 6 survivors (6144K)
 Metaspace       used 43644K, capacity 44763K, committed 44848K, reserved 1087488K
  class space    used 5555K, capacity 5974K, committed 6016K, reserved 1048576K
}

