# JRE version: OpenJDK Runtime Environment (11.0.13) (build 11.0.13+0-b1751.21-8125866)
# Java VM: OpenJDK 64-Bit Server VM (11.0.13+0-b1751.21-8125866, mixed mode, tiered, compressed oops, g1 gc, windows-amd64)
Heap:
 garbage-first heap   total 739328K, used 324096K [0x0000000080000000, 0x0000000100000000)
  region size 1024K, 3 young (3072K), 3 survivors (3072K)
 Metaspace       used 170651K, capacity 176829K, committed 176972K, reserved 1204224K
  class space    used 20623K, capacity 22767K, committed 22860K, reserved 1048576K
GC Heap History (20 events):
Event: 6660.773 GC heap after
{Heap after GC invocations=242 (full 0):
 garbage-first heap   total 328704K, used 213278K [0x0000000080000000, 0x0000000100000000)
  region size 1024K, 2 young (2048K), 2 survivors (2048K)
 Metaspace       used 170240K, capacity 176377K, committed 176716K, reserved 1204224K
  class space    used 20590K, capacity 22749K, committed 22860K, reserved 1048576K
}
Event: 6660.776 GC heap before
{Heap before GC invocations=242 (full 0):
 garbage-first heap   total 328704K, used 213278K [0x0000000080000000, 0x0000000100000000)
  region size 1024K, 3 young (3072K), 2 survivors (2048K)
 Metaspace       used 170240K, capacity 176377K, committed 176716K, reserved 1204224K
  class space    used 20590K, capacity 22749K, committed 22860K, reserved 1048576K
}
Event: 6660.782 GC heap after
{Heap after GC invocations=243 (full 0):
 garbage-first heap   total 328704K, used 212474K [0x0000000080000000, 0x0000000100000000)
  region size 1024K, 2 young (2048K), 2 survivors (2048K)
 Metaspace       used 170240K, capacity 176377K, committed 176716K, reserved 1204224K
  class space    used 20590K, capacity 22749K, committed 22860K, reserved 1048576K
}
Event: 6661.227 GC heap before
{Heap before GC invocations=243 (full 0):
 garbage-first heap   total 328704K, used 290298K [0x0000000080000000, 0x0000000100000000)
  region size 1024K, 40 young (40960K), 2 survivors (2048K)
 Metaspace       used 170257K, capacity 176387K, committed 176716K, reserved 1204224K
  class space    used 20593K, capacity 22752K, committed 22860K, reserved 1048576K
}
Event: 6661.239 GC heap after
{Heap after GC invocations=244 (full 0):
 garbage-first heap   total 328704K, used 243658K [0x0000000080000000, 0x0000000100000000)
  region size 1024K, 5 young (5120K), 5 survivors (5120K)
 Metaspace       used 170257K, capacity 176387K, committed 176716K, reserved 1204224K
  class space    used 20593K, capacity 22752K, committed 22860K, reserved 1048576K
}
Event: 6661.581 GC heap before
{Heap before GC invocations=244 (full 0):
 garbage-first heap   total 328704K, used 268234K [0x0000000080000000, 0x0000000100000000)
  region size 1024K, 29 young (29696K), 5 survivors (5120K)
 Metaspace       used 170258K, capacity 176387K, committed 176716K, reserved 1204224K
  class space    used 20593K, capacity 22752K, committed 22860K, reserved 1048576K
}
Event: 6661.613 GC heap after
{Heap after GC invocations=245 (full 0):
 garbage-first heap   total 328704K, used 254394K [0x0000000080000000, 0x0000000100000000)
  region size 1024K, 4 young (4096K), 4 survivors (4096K)
 Metaspace       used 170258K, capacity 176387K, committed 176716K, reserved 1204224K
  class space    used 20593K, capacity 22752K, committed 22860K, reserved 1048576K
}
Event: 6661.771 GC heap before
{Heap before GC invocations=245 (full 0):
 garbage-first heap   total 328704K, used 274874K [0x0000000080000000, 0x0000000100000000)
  region size 1024K, 22 young (22528K), 4 survivors (4096K)
 Metaspace       used 170290K, capacity 176481K, committed 176716K, reserved 1204224K
  class space    used 20598K, capacity 22760K, committed 22860K, reserved 1048576K
}
Event: 6661.804 GC heap after
{Heap after GC invocations=246 (full 0):
 garbage-first heap   total 328704K, used 262144K [0x0000000080000000, 0x0000000100000000)
  region size 1024K, 3 young (3072K), 3 survivors (3072K)
 Metaspace       used 170290K, capacity 176481K, committed 176716K, reserved 1204224K
  class space    used 20598K, capacity 22760K, committed 22860K, reserved 1048576K
}
Event: 6662.250 GC heap before
{Heap before GC invocations=247 (full 0):
 garbage-first heap   total 328704K, used 276480K [0x0000000080000000, 0x0000000100000000)
  region size 1024K, 18 young (18432K), 3 survivors (3072K)
 Metaspace       used 170499K, capacity 176616K, committed 176716K, reserved 1204224K
  class space    used 20617K, capacity 22762K, committed 22860K, reserved 1048576K
}
Event: 6662.296 GC heap after
{Heap after GC invocations=248 (full 0):
 garbage-first heap   total 328704K, used 268993K [0x0000000080000000, 0x0000000100000000)
  region size 1024K, 3 young (3072K), 3 survivors (3072K)
 Metaspace       used 170499K, capacity 176616K, committed 176716K, reserved 1204224K
  class space    used 20617K, capacity 22762K, committed 22860K, reserved 1048576K
}
Event: 6662.472 GC heap before
{Heap before GC invocations=248 (full 0):
 garbage-first heap   total 328704K, used 282305K [0x0000000080000000, 0x0000000100000000)
  region size 1024K, 16 young (16384K), 3 survivors (3072K)
 Metaspace       used 170518K, capacity 176681K, committed 176972K, reserved 1204224K
  class space    used 20617K, capacity 22762K, committed 22860K, reserved 1048576K
}
Event: 6662.512 GC heap after
{Heap after GC invocations=249 (full 0):
 garbage-first heap   total 399360K, used 275456K [0x0000000080000000, 0x0000000100000000)
  region size 1024K, 2 young (2048K), 2 survivors (2048K)
 Metaspace       used 170518K, capacity 176681K, committed 176972K, reserved 1204224K
  class space    used 20617K, capacity 22762K, committed 22860K, reserved 1048576K
}
Event: 6662.841 GC heap before
{Heap before GC invocations=249 (full 0):
 garbage-first heap   total 399360K, used 314368K [0x0000000080000000, 0x0000000100000000)
  region size 1024K, 40 young (40960K), 2 survivors (2048K)
 Metaspace       used 170541K, capacity 176687K, committed 176972K, reserved 1204224K
  class space    used 20618K, capacity 22763K, committed 22860K, reserved 1048576K
}
Event: 6662.892 GC heap after
{Heap after GC invocations=250 (full 0):
 garbage-first heap   total 399360K, used 294912K [0x0000000080000000, 0x0000000100000000)
  region size 1024K, 5 young (5120K), 5 survivors (5120K)
 Metaspace       used 170541K, capacity 176687K, committed 176972K, reserved 1204224K
  class space    used 20618K, capacity 22763K, committed 22860K, reserved 1048576K
}
Event: 6663.506 GC heap before
{Heap before GC invocations=250 (full 0):
 garbage-first heap   total 399360K, used 324608K [0x0000000080000000, 0x0000000100000000)
  region size 1024K, 34 young (34816K), 5 survivors (5120K)
 Metaspace       used 170592K, capacity 176752K, committed 176972K, reserved 1204224K
  class space    used 20618K, capacity 22763K, committed 22860K, reserved 1048576K
}
Event: 6663.554 GC heap after
{Heap after GC invocations=251 (full 0):
 garbage-first heap   total 399360K, used 310272K [0x0000000080000000, 0x0000000100000000)
  region size 1024K, 5 young (5120K), 5 survivors (5120K)
 Metaspace       used 170592K, capacity 176752K, committed 176972K, reserved 1204224K
  class space    used 20618K, capacity 22763K, committed 22860K, reserved 1048576K
}
Event: 6663.841 GC heap before
{Heap before GC invocations=251 (full 0):
 garbage-first heap   total 399360K, used 325632K [0x0000000080000000, 0x0000000100000000)
  region size 1024K, 27 young (27648K), 5 survivors (5120K)
 Metaspace       used 170592K, capacity 176752K, committed 176972K, reserved 1204224K
  class space    used 20618K, capacity 22763K, committed 22860K, reserved 1048576K
}
Event: 6663.887 GC heap after
{Heap after GC invocations=252 (full 0):
 garbage-first heap   total 399360K, used 316416K [0x0000000080000000, 0x0000000100000000)
  region size 1024K, 4 young (4096K), 4 survivors (4096K)
 Metaspace       used 170592K, capacity 176752K, committed 176972K, reserved 1204224K
  class space    used 20618K, capacity 22763K, committed 22860K, reserved 1048576K
}
Event: 6664.479 GC heap before
{Heap before GC invocations=253 (full 0):
 garbage-first heap   total 399360K, used 335872K [0x0000000080000000, 0x0000000100000000)
  region size 1024K, 23 young (23552K), 4 survivors (4096K)
 Metaspace       used 170651K, capacity 176829K, committed 176972K, reserved 1204224K
  class space    used 20623K, capacity 22767K, committed 22860K, reserved 1048576K
}

