# JRE version: OpenJDK Runtime Environment (11.0.13) (build 11.0.13+0-b1751.21-8125866)
# Java VM: OpenJDK 64-Bit Server VM (11.0.13+0-b1751.21-8125866, mixed mode, tiered, compressed oops, g1 gc, windows-amd64)
Heap:
 garbage-first heap   total 276480K, used 216063K [0x0000000080000000, 0x0000000100000000)
  region size 1024K, 24 young (24576K), 4 survivors (4096K)
 Metaspace       used 129943K, capacity 133240K, committed 133448K, reserved 1165312K
  class space    used 16162K, capacity 17366K, committed 17408K, reserved 1048576K
GC Heap History (20 events):
Event: 182.292 GC heap before
{Heap before GC invocations=144 (full 0):
 garbage-first heap   total 230400K, used 209320K [0x0000000080000000, 0x0000000100000000)
  region size 1024K, 21 young (21504K), 1 survivors (1024K)
 Metaspace       used 124923K, capacity 128052K, committed 128072K, reserved 1161216K
  class space    used 15487K, capacity 16620K, committed 16640K, reserved 1048576K
}
Event: 182.295 GC heap after
{Heap after GC invocations=145 (full 0):
 garbage-first heap   total 230400K, used 184309K [0x0000000080000000, 0x0000000100000000)
  region size 1024K, 1 young (1024K), 1 survivors (1024K)
 Metaspace       used 124923K, capacity 128052K, committed 128072K, reserved 1161216K
  class space    used 15487K, capacity 16620K, committed 16640K, reserved 1048576K
}
Event: 183.699 GC heap before
{Heap before GC invocations=146 (full 0):
 garbage-first heap   total 230400K, used 209909K [0x0000000080000000, 0x0000000100000000)
  region size 1024K, 19 young (19456K), 1 survivors (1024K)
 Metaspace       used 125626K, capacity 128777K, committed 129096K, reserved 1161216K
  class space    used 15602K, capacity 16775K, committed 16896K, reserved 1048576K
}
Event: 183.706 GC heap after
{Heap after GC invocations=147 (full 0):
 garbage-first heap   total 230400K, used 172794K [0x0000000080000000, 0x0000000100000000)
  region size 1024K, 3 young (3072K), 3 survivors (3072K)
 Metaspace       used 125626K, capacity 128777K, committed 129096K, reserved 1161216K
  class space    used 15602K, capacity 16775K, committed 16896K, reserved 1048576K
}
Event: 183.756 GC heap before
{Heap before GC invocations=147 (full 0):
 garbage-first heap   total 230400K, used 179962K [0x0000000080000000, 0x0000000100000000)
  region size 1024K, 12 young (12288K), 3 survivors (3072K)
 Metaspace       used 125640K, capacity 128779K, committed 129096K, reserved 1161216K
  class space    used 15602K, capacity 16775K, committed 16896K, reserved 1048576K
}
Event: 183.778 GC heap after
{Heap after GC invocations=148 (full 0):
 garbage-first heap   total 230400K, used 169283K [0x0000000080000000, 0x0000000100000000)
  region size 1024K, 2 young (2048K), 2 survivors (2048K)
 Metaspace       used 125640K, capacity 128779K, committed 129096K, reserved 1161216K
  class space    used 15602K, capacity 16775K, committed 16896K, reserved 1048576K
}
Event: 183.986 GC heap before
{Heap before GC invocations=148 (full 0):
 garbage-first heap   total 230400K, used 196931K [0x0000000080000000, 0x0000000100000000)
  region size 1024K, 28 young (28672K), 2 survivors (2048K)
 Metaspace       used 125672K, capacity 128848K, committed 129096K, reserved 1161216K
  class space    used 15605K, capacity 16776K, committed 16896K, reserved 1048576K
}
Event: 183.998 GC heap after
{Heap after GC invocations=149 (full 0):
 garbage-first heap   total 230400K, used 177028K [0x0000000080000000, 0x0000000100000000)
  region size 1024K, 4 young (4096K), 4 survivors (4096K)
 Metaspace       used 125672K, capacity 128848K, committed 129096K, reserved 1161216K
  class space    used 15605K, capacity 16776K, committed 16896K, reserved 1048576K
}
Event: 184.189 GC heap before
{Heap before GC invocations=149 (full 0):
 garbage-first heap   total 230400K, used 195460K [0x0000000080000000, 0x0000000100000000)
  region size 1024K, 23 young (23552K), 4 survivors (4096K)
 Metaspace       used 126119K, capacity 129276K, committed 129608K, reserved 1163264K
  class space    used 15658K, capacity 16812K, committed 16896K, reserved 1048576K
}
Event: 184.195 GC heap after
{Heap after GC invocations=150 (full 0):
 garbage-first heap   total 230400K, used 181819K [0x0000000080000000, 0x0000000100000000)
  region size 1024K, 3 young (3072K), 3 survivors (3072K)
 Metaspace       used 126119K, capacity 129276K, committed 129608K, reserved 1163264K
  class space    used 15658K, capacity 16812K, committed 16896K, reserved 1048576K
}
Event: 184.810 GC heap before
{Heap before GC invocations=150 (full 0):
 garbage-first heap   total 230400K, used 197179K [0x0000000080000000, 0x0000000100000000)
  region size 1024K, 19 young (19456K), 3 survivors (3072K)
 Metaspace       used 127374K, capacity 130600K, committed 130760K, reserved 1163264K
  class space    used 15825K, capacity 16999K, committed 17024K, reserved 1048576K
}
Event: 184.820 GC heap after
{Heap after GC invocations=151 (full 0):
 garbage-first heap   total 230400K, used 183766K [0x0000000080000000, 0x0000000100000000)
  region size 1024K, 3 young (3072K), 3 survivors (3072K)
 Metaspace       used 127374K, capacity 130600K, committed 130760K, reserved 1163264K
  class space    used 15825K, capacity 16999K, committed 17024K, reserved 1048576K
}
Event: 185.819 GC heap before
{Heap before GC invocations=152 (full 0):
 garbage-first heap   total 230400K, used 198102K [0x0000000080000000, 0x0000000100000000)
  region size 1024K, 17 young (17408K), 3 survivors (3072K)
 Metaspace       used 128839K, capacity 132061K, committed 132296K, reserved 1165312K
  class space    used 15997K, capacity 17189K, committed 17280K, reserved 1048576K
}
Event: 185.843 GC heap after
{Heap after GC invocations=153 (full 0):
 garbage-first heap   total 230400K, used 186306K [0x0000000080000000, 0x0000000100000000)
  region size 1024K, 3 young (3072K), 3 survivors (3072K)
 Metaspace       used 128839K, capacity 132061K, committed 132296K, reserved 1165312K
  class space    used 15997K, capacity 17189K, committed 17280K, reserved 1048576K
}
Event: 185.996 GC heap before
{Heap before GC invocations=153 (full 0):
 garbage-first heap   total 230400K, used 194498K [0x0000000080000000, 0x0000000100000000)
  region size 1024K, 11 young (11264K), 3 survivors (3072K)
 Metaspace       used 128868K, capacity 132127K, committed 132296K, reserved 1165312K
  class space    used 15999K, capacity 17189K, committed 17280K, reserved 1048576K
}
Event: 186.016 GC heap after
{Heap after GC invocations=154 (full 0):
 garbage-first heap   total 276480K, used 185067K [0x0000000080000000, 0x0000000100000000)
  region size 1024K, 2 young (2048K), 2 survivors (2048K)
 Metaspace       used 128868K, capacity 132127K, committed 132296K, reserved 1165312K
  class space    used 15999K, capacity 17189K, committed 17280K, reserved 1048576K
}
Event: 186.480 GC heap before
{Heap before GC invocations=154 (full 0):
 garbage-first heap   total 276480K, used 214763K [0x0000000080000000, 0x0000000100000000)
  region size 1024K, 31 young (31744K), 2 survivors (2048K)
 Metaspace       used 129056K, capacity 132268K, committed 132552K, reserved 1165312K
  class space    used 16014K, capacity 17191K, committed 17280K, reserved 1048576K
}
Event: 186.513 GC heap after
{Heap after GC invocations=155 (full 0):
 garbage-first heap   total 276480K, used 191862K [0x0000000080000000, 0x0000000100000000)
  region size 1024K, 4 young (4096K), 4 survivors (4096K)
 Metaspace       used 129056K, capacity 132268K, committed 132552K, reserved 1165312K
  class space    used 16014K, capacity 17191K, committed 17280K, reserved 1048576K
}
Event: 186.668 GC heap before
{Heap before GC invocations=155 (full 0):
 garbage-first heap   total 276480K, used 219510K [0x0000000080000000, 0x0000000100000000)
  region size 1024K, 31 young (31744K), 4 survivors (4096K)
 Metaspace       used 129310K, capacity 132531K, committed 132808K, reserved 1165312K
  class space    used 16052K, capacity 17257K, committed 17280K, reserved 1048576K
}
Event: 186.698 GC heap after
{Heap after GC invocations=156 (full 0):
 garbage-first heap   total 276480K, used 196607K [0x0000000080000000, 0x0000000100000000)
  region size 1024K, 4 young (4096K), 4 survivors (4096K)
 Metaspace       used 129310K, capacity 132531K, committed 132808K, reserved 1165312K
  class space    used 16052K, capacity 17257K, committed 17280K, reserved 1048576K
}

